#
# There is insufficient memory for the Java Runtime Environment to continue.
# Native memory allocation (malloc) failed to allocate 926496 bytes for Chunk::new
# Possible reasons:
#   The system is out of physical RAM or swap space
#   The process is running with CompressedOops enabled, and the Java Heap may be blocking the growth of the native heap
# Possible solutions:
#   Reduce memory load on the system
#   Increase physical memory or swap space
#   Check if swap backing store is full
#   Decrease Java heap size (-Xmx/-Xms)
#   Decrease number of Java threads
#   Decrease Java thread stack sizes (-Xss)
#   Set larger code cache with -XX:ReservedCodeCacheSize=
#   JVM is running with Zero Based Compressed Oops mode in which the Java heap is
#     placed in the first 32GB address space. The Java Heap base address is the
#     maximum limit for the native heap growth. Please use -XX:HeapBaseMinAddress
#     to set the Java Heap base and to place the Java Heap above 32GB virtual address.
# This output file may be truncated or incomplete.
#
#  Out of Memory Error (allocation.cpp:389), pid=1236, tid=0x00000000000044e8
#
# JRE version: OpenJDK Runtime Environment (8.0_212-b04) (build 1.8.0_212-release-1586-b04)
# Java VM: OpenJDK 64-Bit Server VM (25.212-b04 mixed mode windows-amd64 compressed oops)
# Failed to write core dump. Minidumps are not enabled by default on client versions of Windows
#

---------------  T H R E A D  ---------------

Current thread (0x000000001f79c800):  JavaThread "C2 CompilerThread0" daemon [_thread_in_native, id=17640, stack(0x0000000020070000,0x0000000020170000)]

Stack: [0x0000000020070000,0x0000000020170000]
[error occurred during error reporting (printing stack bounds), id 0xc0000005]

Native frames: (J=compiled Java code, j=interpreted, Vv=VM code, C=native code)


Current CompileTask:
C2:   8124 4502   !   4       com.sun.beans.TypeResolver::resolve (274 bytes)


---------------  P R O C E S S  ---------------

Java Threads: ( => current thread )
  0x000000002603a800 JavaThread "Cache worker for Build Output Cleanup Cache (C:\Users\91941\AndroidStudioProjects\eCommerce\.gradle\buildOutputCleanup)" [_thread_blocked, id=11068, stack(0x000000002aac0000,0x000000002abc0000)]
  0x000000002603e000 JavaThread "Build operations Thread 8" [_thread_blocked, id=17520, stack(0x000000002a3c0000,0x000000002a4c0000)]
  0x0000000026040800 JavaThread "Build operations Thread 7" [_thread_blocked, id=17776, stack(0x000000002a2c0000,0x000000002a3c0000)]
  0x000000002603f000 JavaThread "Build operations Thread 6" [_thread_blocked, id=11620, stack(0x000000002a1c0000,0x000000002a2c0000)]
  0x0000000026041000 JavaThread "Build operations Thread 5" [_thread_blocked, id=9820, stack(0x000000002a0c0000,0x000000002a1c0000)]
  0x0000000026039000 JavaThread "Build operations Thread 4" [_thread_blocked, id=18416, stack(0x0000000029fc0000,0x000000002a0c0000)]
  0x000000002603d800 JavaThread "Build operations Thread 3" [_thread_blocked, id=13912, stack(0x0000000029ec0000,0x0000000029fc0000)]
  0x000000002603b000 JavaThread "Build operations Thread 2" [_thread_blocked, id=17244, stack(0x0000000029dc0000,0x0000000029ec0000)]
  0x0000000026039800 JavaThread "Build operations" [_thread_blocked, id=17716, stack(0x0000000029a60000,0x0000000029b60000)]
  0x00000000209c0000 JavaThread "Cache worker for execution history cache (C:\Users\91941\.gradle\caches\5.6.4\executionHistory)" [_thread_blocked, id=18128, stack(0x0000000028390000,0x0000000028490000)]
  0x00000000209c4000 JavaThread "Cache worker for cache directory md-rule (C:\Users\91941\.gradle\caches\5.6.4\md-rule)" [_thread_blocked, id=18832, stack(0x0000000028290000,0x0000000028390000)]
  0x00000000209c6000 JavaThread "Cache worker for cache directory md-supplier (C:\Users\91941\.gradle\caches\5.6.4\md-supplier)" [_thread_blocked, id=4420, stack(0x0000000026f30000,0x0000000027030000)]
  0x00000000209c2800 JavaThread "Cache worker for file hash cache (C:\Users\91941\AndroidStudioProjects\eCommerce\.gradle\5.6.4\fileHashes)" [_thread_blocked, id=17904, stack(0x0000000026830000,0x0000000026930000)]
  0x00000000209c7000 JavaThread "Cache worker for journal cache (C:\Users\91941\.gradle\caches\journal-1)" [_thread_blocked, id=18160, stack(0x0000000024390000,0x0000000024490000)]
  0x00000000209c1000 JavaThread "File lock request listener" [_thread_in_native, id=18424, stack(0x0000000024290000,0x0000000024390000)]
  0x0000000021c07000 JavaThread "Cache worker for file hash cache (C:\Users\91941\.gradle\caches\5.6.4\fileHashes)" [_thread_blocked, id=17508, stack(0x0000000024190000,0x0000000024290000)]
  0x00000000220b0000 JavaThread "Thread-9" [_thread_blocked, id=18392, stack(0x0000000024090000,0x0000000024190000)]
  0x0000000022112000 JavaThread "Stdin handler" [_thread_blocked, id=2356, stack(0x0000000023f90000,0x0000000024090000)]
  0x0000000022099000 JavaThread "Asynchronous log dispatcher for DefaultDaemonConnection: socket connection from /127.0.0.1:1851 to /127.0.0.1:1852" [_thread_blocked, id=17988, stack(0x0000000023d90000,0x0000000023e90000)]
  0x000000002210c000 JavaThread "Daemon worker" [_thread_in_vm, id=18808, stack(0x0000000023c90000,0x0000000023d90000)]
  0x0000000022114800 JavaThread "Cancel handler" [_thread_blocked, id=8032, stack(0x0000000023b90000,0x0000000023c90000)]
  0x000000002205c800 JavaThread "Handler for socket connection from /127.0.0.1:1851 to /127.0.0.1:1852" [_thread_in_native, id=18368, stack(0x0000000023890000,0x0000000023990000)]
  0x0000000022053800 JavaThread "Daemon" [_thread_blocked, id=18124, stack(0x0000000023790000,0x0000000023890000)]
  0x0000000021ffc800 JavaThread "Daemon periodic checks" [_thread_blocked, id=16104, stack(0x0000000023690000,0x0000000023790000)]
  0x0000000021ff5000 JavaThread "Incoming local TCP Connector on port 1851" [_thread_in_native, id=17368, stack(0x0000000023450000,0x0000000023550000)]
  0x0000000021fef800 JavaThread "Daemon health stats" [_thread_blocked, id=19428, stack(0x0000000022e10000,0x0000000022f10000)]
  0x000000001f830000 JavaThread "Service Thread" daemon [_thread_blocked, id=18376, stack(0x0000000020470000,0x0000000020570000)]
  0x000000001d9ac000 JavaThread "C1 CompilerThread3" daemon [_thread_in_native, id=16632, stack(0x0000000020370000,0x0000000020470000)]
  0x000000001f7a3000 JavaThread "C2 CompilerThread2" daemon [_thread_blocked, id=18028, stack(0x0000000020270000,0x0000000020370000)]
  0x000000001f7a0000 JavaThread "C2 CompilerThread1" daemon [_thread_in_native, id=7320, stack(0x0000000020170000,0x0000000020270000)]
=>0x000000001f79c800 JavaThread "C2 CompilerThread0" daemon [_thread_in_native, id=17640, stack(0x0000000020070000,0x0000000020170000)]
  0x000000001f79b800 JavaThread "Attach Listener" daemon [_thread_blocked, id=13944, stack(0x000000001ff70000,0x0000000020070000)]
  0x000000001f7a6000 JavaThread "Signal Dispatcher" daemon [_thread_blocked, id=8376, stack(0x000000001fe70000,0x000000001ff70000)]
  0x0000000002b7e000 JavaThread "Finalizer" daemon [_thread_blocked, id=18524, stack(0x000000001fc70000,0x000000001fd70000)]
  0x0000000002b75000 JavaThread "Reference Handler" daemon [_thread_blocked, id=18484, stack(0x000000001fb70000,0x000000001fc70000)]
  0x0000000002a7e000 JavaThread "main" [_thread_blocked, id=14128, stack(0x0000000002920000,0x0000000002a20000)]

Other Threads:
  0x000000001d998000 VMThread [stack: 0x000000001f670000,0x000000001f770000] [id=8536]
  0x000000001f830800 WatcherThread [stack: 0x0000000020570000,0x0000000020670000] [id=9244]

VM state:not at safepoint (normal execution)

VM Mutex/Monitor currently owned by a thread: None

heap address: 0x00000006a0000000, size: 4608 MB, Compressed Oops mode: Zero based, Oop shift amount: 3
Narrow klass base: 0x0000000000000000, Narrow klass shift: 3
Compressed class space size: 1073741824 Address: 0x00000007c0000000

Heap:
 PSYoungGen      total 143360K, used 94712K [0x0000000760000000, 0x0000000769d80000, 0x00000007c0000000)
  eden space 130560K, 62% used [0x0000000760000000,0x0000000765006048,0x0000000767f80000)
  from space 12800K, 99% used [0x0000000768e80000,0x0000000769af80d8,0x0000000769b00000)
  to   space 15360K, 0% used [0x0000000767f80000,0x0000000767f80000,0x0000000768e80000)
 ParOldGen       total 92672K, used 21853K [0x00000006a0000000, 0x00000006a5a80000, 0x0000000760000000)
  object space 92672K, 23% used [0x00000006a0000000,0x00000006a1557658,0x00000006a5a80000)
 Metaspace       used 49881K, capacity 51514K, committed 51752K, reserved 1093632K
  class space    used 6717K, capacity 7121K, committed 7208K, reserved 1048576K

Card table byte_map: [0x0000000011f40000,0x0000000012850000] byte_map_base: 0x000000000ea40000

Marking Bits: (ParMarkBitMap*) 0x000000005c2a9f30
 Begin Bits: [0x0000000013650000, 0x0000000017e50000)
 End Bits:   [0x0000000017e50000, 0x000000001c650000)

Polling page: 0x00000000010f0000

CodeCache: size=245760Kb used=14664Kb max_used=14664Kb free=231095Kb
 bounds [0x0000000002b80000, 0x00000000039e0000, 0x0000000011b80000]
 total_blobs=4964 nmethods=4197 adapters=680
 compilation: enabled

Compilation events (10 events):
Event: 8.106 Thread 0x000000001d9ac000 4626       3       java.lang.invoke.MemberName::<init> (131 bytes)
Event: 8.107 Thread 0x000000001d9ac000 nmethod 4626 0x00000000039ce0d0 code [0x00000000039ce3a0, 0x00000000039cf798]
Event: 8.109 Thread 0x000000001d9ac000 4627       3       org.codehaus.groovy.reflection.CachedClass$3::initValue (235 bytes)
Event: 8.111 Thread 0x000000001d9ac000 nmethod 4627 0x00000000039cff90 code [0x00000000039d0380, 0x00000000039d2b58]
Event: 8.112 Thread 0x000000001d9ac000 4628       3       org.codehaus.groovy.reflection.CachedClass$3$1::<init> (10 bytes)
Event: 8.112 Thread 0x000000001d9ac000 nmethod 4628 0x00000000039d4050 code [0x00000000039d41a0, 0x00000000039d4370]
Event: 8.118 Thread 0x000000001d9ac000 4631       3       jdk.internal.org.objectweb.asm.AnnotationWriter::put (109 bytes)
Event: 8.118 Thread 0x000000001d9ac000 nmethod 4631 0x00000000039d47d0 code [0x00000000039d4980, 0x00000000039d4e58]
Event: 8.119 Thread 0x000000001d9ac000 4632       3       java.util.regex.Matcher::start (22 bytes)
Event: 8.119 Thread 0x000000001d9ac000 nmethod 4632 0x00000000039d5110 code [0x00000000039d5280, 0x00000000039d54e8]

GC Heap History (10 events):
Event: 3.952 GC heap before
{Heap before GC invocations=8 (full 1):
 PSYoungGen      total 74240K, used 64000K [0x0000000760000000, 0x0000000765700000, 0x00000007c0000000)
  eden space 64000K, 100% used [0x0000000760000000,0x0000000763e80000,0x0000000763e80000)
  from space 10240K, 0% used [0x0000000764a00000,0x0000000764a00000,0x0000000765400000)
  to   space 11776K, 0% used [0x0000000763e80000,0x0000000763e80000,0x0000000764a00000)
 ParOldGen       total 60416K, used 9955K [0x00000006a0000000, 0x00000006a3b00000, 0x0000000760000000)
  object space 60416K, 16% used [0x00000006a0000000,0x00000006a09b8df0,0x00000006a3b00000)
 Metaspace       used 27929K, capacity 28490K, committed 28672K, reserved 1073152K
  class space    used 3826K, capacity 4008K, committed 4096K, reserved 1048576K
Event: 3.957 GC heap after
Heap after GC invocations=8 (full 1):
 PSYoungGen      total 75776K, used 7233K [0x0000000760000000, 0x0000000767980000, 0x00000007c0000000)
  eden space 64000K, 0% used [0x0000000760000000,0x0000000760000000,0x0000000763e80000)
  from space 11776K, 61% used [0x0000000763e80000,0x0000000764590668,0x0000000764a00000)
  to   space 11264K, 0% used [0x0000000766e80000,0x0000000766e80000,0x0000000767980000)
 ParOldGen       total 60416K, used 9963K [0x00000006a0000000, 0x00000006a3b00000, 0x0000000760000000)
  object space 60416K, 16% used [0x00000006a0000000,0x00000006a09badf0,0x00000006a3b00000)
 Metaspace       used 27929K, capacity 28490K, committed 28672K, reserved 1073152K
  class space    used 3826K, capacity 4008K, committed 4096K, reserved 1048576K
}
Event: 6.010 GC heap before
{Heap before GC invocations=9 (full 1):
 PSYoungGen      total 75776K, used 71233K [0x0000000760000000, 0x0000000767980000, 0x00000007c0000000)
  eden space 64000K, 100% used [0x0000000760000000,0x0000000763e80000,0x0000000763e80000)
  from space 11776K, 61% used [0x0000000763e80000,0x0000000764590668,0x0000000764a00000)
  to   space 11264K, 0% used [0x0000000766e80000,0x0000000766e80000,0x0000000767980000)
 ParOldGen       total 60416K, used 9963K [0x00000006a0000000, 0x00000006a3b00000, 0x0000000760000000)
  object space 60416K, 16% used [0x00000006a0000000,0x00000006a09badf0,0x00000006a3b00000)
 Metaspace       used 31749K, capacity 32464K, committed 32768K, reserved 1077248K
  class space    used 4299K, capacity 4511K, committed 4608K, reserved 1048576K
Event: 6.018 GC heap after
Heap after GC invocations=9 (full 1):
 PSYoungGen      total 108032K, used 8559K [0x0000000760000000, 0x0000000767780000, 0x00000007c0000000)
  eden space 98816K, 0% used [0x0000000760000000,0x0000000760000000,0x0000000766080000)
  from space 9216K, 92% used [0x0000000766e80000,0x00000007676dbdb0,0x0000000767780000)
  to   space 11776K, 0% used [0x0000000766080000,0x0000000766080000,0x0000000766c00000)
 ParOldGen       total 60416K, used 9971K [0x00000006a0000000, 0x00000006a3b00000, 0x0000000760000000)
  object space 60416K, 16% used [0x00000006a0000000,0x00000006a09bcdf0,0x00000006a3b00000)
 Metaspace       used 31749K, capacity 32464K, committed 32768K, reserved 1077248K
  class space    used 4299K, capacity 4511K, committed 4608K, reserved 1048576K
}
Event: 6.568 GC heap before
{Heap before GC invocations=10 (full 1):
 PSYoungGen      total 108032K, used 77227K [0x0000000760000000, 0x0000000767780000, 0x00000007c0000000)
  eden space 98816K, 69% used [0x0000000760000000,0x000000076430f150,0x0000000766080000)
  from space 9216K, 92% used [0x0000000766e80000,0x00000007676dbdb0,0x0000000767780000)
  to   space 11776K, 0% used [0x0000000766080000,0x0000000766080000,0x0000000766c00000)
 ParOldGen       total 60416K, used 9971K [0x00000006a0000000, 0x00000006a3b00000, 0x0000000760000000)
  object space 60416K, 16% used [0x00000006a0000000,0x00000006a09bcdf0,0x00000006a3b00000)
 Metaspace       used 34686K, capacity 35410K, committed 35496K, reserved 1079296K
  class space    used 4780K, capacity 4994K, committed 5032K, reserved 1048576K
Event: 6.577 GC heap after
Heap after GC invocations=10 (full 1):
 PSYoungGen      total 110592K, used 11669K [0x0000000760000000, 0x0000000769b00000, 0x00000007c0000000)
  eden space 98816K, 0% used [0x0000000760000000,0x0000000760000000,0x0000000766080000)
  from space 11776K, 99% used [0x0000000766080000,0x0000000766be5400,0x0000000766c00000)
  to   space 12800K, 0% used [0x0000000768e80000,0x0000000768e80000,0x0000000769b00000)
 ParOldGen       total 60416K, used 9979K [0x00000006a0000000, 0x00000006a3b00000, 0x0000000760000000)
  object space 60416K, 16% used [0x00000006a0000000,0x00000006a09bedf0,0x00000006a3b00000)
 Metaspace       used 34686K, capacity 35410K, committed 35496K, reserved 1079296K
  class space    used 4780K, capacity 4994K, committed 5032K, reserved 1048576K
}
Event: 6.577 GC heap before
{Heap before GC invocations=11 (full 2):
 PSYoungGen      total 110592K, used 11669K [0x0000000760000000, 0x0000000769b00000, 0x00000007c0000000)
  eden space 98816K, 0% used [0x0000000760000000,0x0000000760000000,0x0000000766080000)
  from space 11776K, 99% used [0x0000000766080000,0x0000000766be5400,0x0000000766c00000)
  to   space 12800K, 0% used [0x0000000768e80000,0x0000000768e80000,0x0000000769b00000)
 ParOldGen       total 60416K, used 9979K [0x00000006a0000000, 0x00000006a3b00000, 0x0000000760000000)
  object space 60416K, 16% used [0x00000006a0000000,0x00000006a09bedf0,0x00000006a3b00000)
 Metaspace       used 34686K, capacity 35410K, committed 35496K, reserved 1079296K
  class space    used 4780K, capacity 4994K, committed 5032K, reserved 1048576K
Event: 6.623 GC heap after
Heap after GC invocations=11 (full 2):
 PSYoungGen      total 110592K, used 0K [0x0000000760000000, 0x0000000769b00000, 0x00000007c0000000)
  eden space 98816K, 0% used [0x0000000760000000,0x0000000760000000,0x0000000766080000)
  from space 11776K, 0% used [0x0000000766080000,0x0000000766080000,0x0000000766c00000)
  to   space 12800K, 0% used [0x0000000768e80000,0x0000000768e80000,0x0000000769b00000)
 ParOldGen       total 92672K, used 18964K [0x00000006a0000000, 0x00000006a5a80000, 0x0000000760000000)
  object space 92672K, 20% used [0x00000006a0000000,0x00000006a1285138,0x00000006a5a80000)
 Metaspace       used 34686K, capacity 35410K, committed 35496K, reserved 1079296K
  class space    used 4780K, capacity 4994K, committed 5032K, reserved 1048576K
}
Event: 7.460 GC heap before
{Heap before GC invocations=12 (full 2):
 PSYoungGen      total 110592K, used 98816K [0x0000000760000000, 0x0000000769b00000, 0x00000007c0000000)
  eden space 98816K, 100% used [0x0000000760000000,0x0000000766080000,0x0000000766080000)
  from space 11776K, 0% used [0x0000000766080000,0x0000000766080000,0x0000000766c00000)
  to   space 12800K, 0% used [0x0000000768e80000,0x0000000768e80000,0x0000000769b00000)
 ParOldGen       total 92672K, used 18964K [0x00000006a0000000, 0x00000006a5a80000, 0x0000000760000000)
  object space 92672K, 20% used [0x00000006a0000000,0x00000006a1285138,0x00000006a5a80000)
 Metaspace       used 43764K, capacity 45006K, committed 45224K, reserved 1087488K
  class space    used 5926K, capacity 6224K, committed 6312K, reserved 1048576K
Event: 7.476 GC heap after
Heap after GC invocations=12 (full 2):
 PSYoungGen      total 143360K, used 12768K [0x0000000760000000, 0x0000000769d80000, 0x00000007c0000000)
  eden space 130560K, 0% used [0x0000000760000000,0x0000000760000000,0x0000000767f80000)
  from space 12800K, 99% used [0x0000000768e80000,0x0000000769af80d8,0x0000000769b00000)
  to   space 15360K, 0% used [0x0000000767f80000,0x0000000767f80000,0x0000000768e80000)
 ParOldGen       total 92672K, used 21853K [0x00000006a0000000, 0x00000006a5a80000, 0x0000000760000000)
  object space 92672K, 23% used [0x00000006a0000000,0x00000006a1557658,0x00000006a5a80000)
 Metaspace       used 43764K, capacity 45006K, committed 45224K, reserved 1087488K
  class space    used 5926K, capacity 6224K, committed 6312K, reserved 1048576K
}

Deoptimization events (10 events):
Event: 7.873 Thread 0x000000002210c000 Uncommon trap: reason=bimorphic action=maybe_recompile pc=0x0000000003824058 method=java.util.Arrays.binarySearch0([Ljava/lang/Object;IILjava/lang/Object;Ljava/util/Comparator;)I @ 48
Event: 7.873 Thread 0x000000002210c000 Uncommon trap: reason=bimorphic action=maybe_recompile pc=0x0000000003824058 method=java.util.Arrays.binarySearch0([Ljava/lang/Object;IILjava/lang/Object;Ljava/util/Comparator;)I @ 48
Event: 7.887 Thread 0x000000002210c000 Uncommon trap: reason=bimorphic action=maybe_recompile pc=0x000000000363b958 method=org.codehaus.groovy.runtime.metaclass.MetaMethodIndex.addMethodToList(Ljava/lang/Object;Lgroovy/lang/MetaMethod;)Ljava/lang/Object; @ 102
Event: 7.887 Thread 0x000000002210c000 Uncommon trap: reason=bimorphic action=maybe_recompile pc=0x000000000363b958 method=org.codehaus.groovy.runtime.metaclass.MetaMethodIndex.addMethodToList(Ljava/lang/Object;Lgroovy/lang/MetaMethod;)Ljava/lang/Object; @ 102
Event: 7.887 Thread 0x000000002210c000 Uncommon trap: reason=bimorphic action=maybe_recompile pc=0x000000000367b37c method=org.codehaus.groovy.runtime.metaclass.MetaMethodIndex.addMethodToList(Ljava/lang/Object;Lgroovy/lang/MetaMethod;)Ljava/lang/Object; @ 102
Event: 7.887 Thread 0x000000002210c000 Uncommon trap: reason=bimorphic action=maybe_recompile pc=0x000000000367b37c method=org.codehaus.groovy.runtime.metaclass.MetaMethodIndex.addMethodToList(Ljava/lang/Object;Lgroovy/lang/MetaMethod;)Ljava/lang/Object; @ 102
Event: 7.887 Thread 0x000000002210c000 Uncommon trap: reason=unstable_if action=reinterpret pc=0x00000000036e4a78 method=groovy.lang.MetaClassImpl$1MOPIter.methodNameAction(Ljava/lang/Class;Lorg/codehaus/groovy/runtime/metaclass/MetaMethodIndex$Entry;)V @ 182
Event: 7.891 Thread 0x000000002210c000 Uncommon trap: reason=class_check action=maybe_recompile pc=0x000000000363be18 method=org.codehaus.groovy.runtime.metaclass.MetaMethodIndex.addMethodToList(Ljava/lang/Object;Lgroovy/lang/MetaMethod;)Ljava/lang/Object; @ 220
Event: 7.891 Thread 0x000000002210c000 Uncommon trap: reason=class_check action=maybe_recompile pc=0x000000000363be18 method=org.codehaus.groovy.runtime.metaclass.MetaMethodIndex.addMethodToList(Ljava/lang/Object;Lgroovy/lang/MetaMethod;)Ljava/lang/Object; @ 220
Event: 7.913 Thread 0x000000002210c000 Uncommon trap: reason=class_check action=maybe_recompile pc=0x000000000363be18 method=org.codehaus.groovy.runtime.metaclass.MetaMethodIndex.addMethodToList(Ljava/lang/Object;Lgroovy/lang/MetaMethod;)Ljava/lang/Object; @ 220

Classes redefined (0 events):
No events

Internal exceptions (10 events):
Event: 7.998 Thread 0x000000002210c000 Exception <a 'java/lang/ClassNotFoundException': org/gradle/api/internal/file/AbstractFileCollectionBeanInfo> (0x0000000764254e18) thrown at [D:\src\AOSP-openjdk-cygwin\jdk8u\hotspot\src\share\vm\classfile\systemDictionary.cpp, line 210]
Event: 7.999 Thread 0x000000002210c000 Exception <a 'java/lang/ClassNotFoundException': org/gradle/api/internal/file/AbstractFileCollectionCustomizer> (0x0000000764292a48) thrown at [D:\src\AOSP-openjdk-cygwin\jdk8u\hotspot\src\share\vm\classfile\systemDictionary.cpp, line 210]
Event: 8.000 Thread 0x000000002210c000 Exception <a 'java/lang/ClassNotFoundException': org/gradle/api/internal/file/CompositeFileCollectionCustomizer> (0x00000007642e0768) thrown at [D:\src\AOSP-openjdk-cygwin\jdk8u\hotspot\src\share\vm\classfile\systemDictionary.cpp, line 210]
Event: 8.000 Thread 0x000000002210c000 Exception <a 'java/lang/ClassNotFoundException': org/gradle/api/internal/file/CompositeFileTreeCustomizer> (0x000000076432ab38) thrown at [D:\src\AOSP-openjdk-cygwin\jdk8u\hotspot\src\share\vm\classfile\systemDictionary.cpp, line 210]
Event: 8.001 Thread 0x000000002210c000 Exception <a 'java/lang/ClassNotFoundException': org/gradle/api/internal/file/collections/DefaultConfigurableFileTreeCustomizer> (0x000000076437fde8) thrown at [D:\src\AOSP-openjdk-cygwin\jdk8u\hotspot\src\share\vm\classfile\systemDictionary.cpp, line 210
Event: 8.110 Thread 0x000000002210c000 Exception <a 'java/lang/ClassNotFoundException': org/gradle/api/plugins/internal/DefaultBasePluginConventionBeanInfo> (0x0000000764d93408) thrown at [D:\src\AOSP-openjdk-cygwin\jdk8u\hotspot\src\share\vm\classfile\systemDictionary.cpp, line 210]
Event: 8.111 Thread 0x000000002210c000 Exception <a 'java/lang/ClassNotFoundException': org/gradle/api/plugins/BasePluginConventionBeanInfo> (0x0000000764dbdb00) thrown at [D:\src\AOSP-openjdk-cygwin\jdk8u\hotspot\src\share\vm\classfile\systemDictionary.cpp, line 210]
Event: 8.111 Thread 0x000000002210c000 Exception <a 'java/lang/ClassNotFoundException': org/gradle/api/plugins/BasePluginConventionCustomizer> (0x0000000764de88a0) thrown at [D:\src\AOSP-openjdk-cygwin\jdk8u\hotspot\src\share\vm\classfile\systemDictionary.cpp, line 210]
Event: 8.112 Thread 0x000000002210c000 Exception <a 'java/lang/ClassNotFoundException': org/gradle/api/plugins/internal/DefaultBasePluginConventionCustomizer> (0x0000000764e2d610) thrown at [D:\src\AOSP-openjdk-cygwin\jdk8u\hotspot\src\share\vm\classfile\systemDictionary.cpp, line 210]
Event: 8.117 Thread 0x000000002210c000 Exception <a 'java/lang/NoSuchMethodError': java.lang.Object.lambda$comparingInt$7b0bb60$1(Ljava/util/function/ToIntFunction;Ljava/lang/Object;Ljava/lang/Object;)I> (0x0000000764eb5230) thrown at [D:\src\AOSP-openjdk-cygwin\jdk8u\hotspot\src\share\vm\inte

Events (10 events):
Event: 8.120 loading class com/android/build/gradle/internal/scope/ApkData
Event: 8.120 loading class com/android/build/gradle/internal/scope/ApkData done
Event: 8.120 loading class com/android/build/gradle/internal/dependency/VariantDependencies
Event: 8.120 loading class com/android/build/gradle/internal/dependency/VariantDependencies done
Event: 8.121 loading class com/android/build/gradle/internal/dependency/VariantDependencies$Builder
Event: 8.121 loading class com/android/build/gradle/internal/dependency/VariantDependencies$Builder done
Event: 8.123 loading class org/gradle/api/internal/model/NamedObjectInstantiator$ClassGeneratingLoader
Event: 8.123 loading class org/gradle/api/internal/model/NamedObjectInstantiator$ClassGeneratingLoader done
Event: 8.123 loading class java/util/HashMap$EntrySpliterator
Event: 8.123 loading class java/util/HashMap$EntrySpliterator done


Dynamic libraries:
0x00007ff69b4b0000 - 0x00007ff69b4e1000 	C:\Program Files\Android\Android Studio\jre\bin\java.exe
0x00007ff868da0000 - 0x00007ff868f8d000 	C:\WINDOWS\SYSTEM32\ntdll.dll
0x00007ff868650000 - 0x00007ff868703000 	C:\WINDOWS\System32\KERNEL32.DLL
0x00007ff864ec0000 - 0x00007ff865153000 	C:\WINDOWS\System32\KERNELBASE.dll
0x00007ff868840000 - 0x00007ff8688e3000 	C:\WINDOWS\System32\ADVAPI32.dll
0x00007ff868130000 - 0x00007ff8681ce000 	C:\WINDOWS\System32\msvcrt.dll
0x00007ff868cb0000 - 0x00007ff868d4e000 	C:\WINDOWS\System32\sechost.dll
0x00007ff868710000 - 0x00007ff868832000 	C:\WINDOWS\System32\RPCRT4.dll
0x00007ff865fc0000 - 0x00007ff866157000 	C:\WINDOWS\System32\USER32.dll
0x00007ff865160000 - 0x00007ff865180000 	C:\WINDOWS\System32\win32u.dll
0x00007ff867da0000 - 0x00007ff867dc9000 	C:\WINDOWS\System32\GDI32.dll
0x00007ff865180000 - 0x00007ff865319000 	C:\WINDOWS\System32\gdi32full.dll
0x00007ff865420000 - 0x00007ff8654c0000 	C:\WINDOWS\System32\msvcp_win.dll
0x00007ff865320000 - 0x00007ff86541a000 	C:\WINDOWS\System32\ucrtbase.dll
0x00007ff845c80000 - 0x00007ff845ef9000 	C:\WINDOWS\WinSxS\amd64_microsoft.windows.common-controls_6595b64144ccf1df_6.0.17763.1098_none_de762ed45346ee8a\COMCTL32.dll
0x00007ff866340000 - 0x00007ff86666c000 	C:\WINDOWS\System32\combase.dll
0x00007ff8654c0000 - 0x00007ff86553e000 	C:\WINDOWS\System32\bcryptPrimitives.dll
0x00007ff868950000 - 0x00007ff86897e000 	C:\WINDOWS\System32\IMM32.DLL
0x000000005b770000 - 0x000000005b842000 	C:\Program Files\Android\Android Studio\jre\jre\bin\msvcr100.dll
0x000000005bae0000 - 0x000000005c326000 	C:\Program Files\Android\Android Studio\jre\jre\bin\server\jvm.dll
0x00007ff868980000 - 0x00007ff868988000 	C:\WINDOWS\System32\PSAPI.DLL
0x00007ff85f360000 - 0x00007ff85f369000 	C:\WINDOWS\SYSTEM32\WSOCK32.dll
0x00007ff862120000 - 0x00007ff862144000 	C:\WINDOWS\SYSTEM32\WINMM.dll
0x00007ff856f70000 - 0x00007ff856f7a000 	C:\WINDOWS\SYSTEM32\VERSION.dll
0x00007ff867dd0000 - 0x00007ff867e3d000 	C:\WINDOWS\System32\WS2_32.dll
0x00007ff862060000 - 0x00007ff86208d000 	C:\WINDOWS\SYSTEM32\WINMMBASE.dll
0x00007ff865800000 - 0x00007ff86584a000 	C:\WINDOWS\System32\cfgmgr32.dll
0x00007ff85f350000 - 0x00007ff85f35f000 	C:\Program Files\Android\Android Studio\jre\jre\bin\verify.dll
0x00007ff85d120000 - 0x00007ff85d149000 	C:\Program Files\Android\Android Studio\jre\jre\bin\java.dll
0x00007ff85ef40000 - 0x00007ff85ef56000 	C:\Program Files\Android\Android Studio\jre\jre\bin\zip.dll
0x00007ff866670000 - 0x00007ff867b64000 	C:\WINDOWS\System32\SHELL32.dll
0x00007ff868a90000 - 0x00007ff868b38000 	C:\WINDOWS\System32\shcore.dll
0x00007ff865870000 - 0x00007ff865fbd000 	C:\WINDOWS\System32\windows.storage.dll
0x00007ff864e30000 - 0x00007ff864e54000 	C:\WINDOWS\System32\profapi.dll
0x00007ff864dd0000 - 0x00007ff864e2d000 	C:\WINDOWS\System32\powrprof.dll
0x00007ff867e40000 - 0x00007ff867e92000 	C:\WINDOWS\System32\shlwapi.dll
0x00007ff864db0000 - 0x00007ff864dc1000 	C:\WINDOWS\System32\kernel.appcore.dll
0x00007ff865850000 - 0x00007ff865867000 	C:\WINDOWS\System32\cryptsp.dll
0x00007ff85d100000 - 0x00007ff85d11a000 	C:\Program Files\Android\Android Studio\jre\jre\bin\net.dll
0x00007ff855e20000 - 0x00007ff855ff7000 	C:\WINDOWS\SYSTEM32\urlmon.dll
0x00007ff854780000 - 0x00007ff854a28000 	C:\WINDOWS\SYSTEM32\iertutil.dll
0x00007ff864770000 - 0x00007ff86477c000 	C:\WINDOWS\SYSTEM32\CRYPTBASE.DLL
0x00007ff8645a0000 - 0x00007ff864607000 	C:\WINDOWS\system32\mswsock.dll
0x00007ff85cb90000 - 0x00007ff85cba3000 	C:\Program Files\Android\Android Studio\jre\jre\bin\nio.dll
0x00007ff84c9b0000 - 0x00007ff84c9d6000 	C:\Users\91941\.gradle\native\30\windows-amd64\native-platform.dll
0x00007ff85f180000 - 0x00007ff85f18d000 	C:\Program Files\Android\Android Studio\jre\jre\bin\management.dll
0x00007ff864120000 - 0x00007ff864153000 	C:\WINDOWS\system32\rsaenh.dll
0x00007ff865720000 - 0x00007ff865746000 	C:\WINDOWS\System32\bcrypt.dll
0x00007ff864cc0000 - 0x00007ff864ce8000 	C:\WINDOWS\SYSTEM32\USERENV.dll
0x00007ff8642c0000 - 0x00007ff8642fd000 	C:\WINDOWS\SYSTEM32\IPHLPAPI.DLL
0x00007ff867d80000 - 0x00007ff867d88000 	C:\WINDOWS\System32\NSI.dll
0x00007ff85f300000 - 0x00007ff85f316000 	C:\WINDOWS\SYSTEM32\dhcpcsvc6.DLL
0x00007ff85f520000 - 0x00007ff85f53c000 	C:\WINDOWS\SYSTEM32\dhcpcsvc.DLL
0x00007ff864300000 - 0x00007ff8643c6000 	C:\WINDOWS\SYSTEM32\DNSAPI.dll

VM Arguments:
jvm_args: -Xmx4608m -Dfile.encoding=windows-1252 -Duser.country=IN -Duser.language=en -Duser.variant 
java_command: org.gradle.launcher.daemon.bootstrap.GradleDaemon 5.6.4
java_class_path (initial): C:\Users\91941\.gradle\wrapper\dists\gradle-5.6.4-all\ankdp27end7byghfw1q2sw75f\gradle-5.6.4\lib\gradle-launcher-5.6.4.jar
Launcher Type: SUN_STANDARD

Environment Variables:
PATH=C:\Program Files (x86)\Intel\Intel(R) Management Engine Components\iCLS\;C:\Program Files\Intel\Intel(R) Management Engine Components\iCLS\;C:\windows\system32;C:\windows;C:\windows\System32\Wbem;C:\windows\System32\WindowsPowerShell\v1.0\;C:\windows\System32\OpenSSH\;C:\Program Files (x86)\Intel\Intel(R) Management Engine Components\DAL;C:\Program Files\Intel\Intel(R) Management Engine Components\DAL;C:\Program Files (x86)\NVIDIA Corporation\PhysX\Common;C:\WINDOWS\system32;C:\WINDOWS;C:\WINDOWS\System32\Wbem;C:\WINDOWS\System32\WindowsPowerShell\v1.0\;C:\WINDOWS\System32\OpenSSH\;C:\Program Files\NVIDIA Corporation\NVIDIA NvDLISR;C:\Program Files\Java\jdk-13.0.2\bin;C:\Program Files\Git\cmd;C:\Users\91941\AppData\Local\Microsoft\WindowsApps;C:\Users\91941\AppData\Local\atom\bin;C:\Users\91941\AppData\Local\Programs\Microsoft VS Code\bin
USERNAME=91941
OS=Windows_NT
PROCESSOR_IDENTIFIER=Intel64 Family 6 Model 158 Stepping 10, GenuineIntel



---------------  S Y S T E M  ---------------

OS: Windows 10.0 , 64 bit Build 17763 (10.0.17763.475)

CPU:total 8 (initial active 8) (4 cores per cpu, 2 threads per core) family 6 model 158 stepping 10, cmov, cx8, fxsr, mmx, sse, sse2, sse3, ssse3, sse4.1, sse4.2, popcnt, avx, avx2, aes, clmul, erms, 3dnowpref, lzcnt, ht, tsc, tscinvbit, bmi1, bmi2, adx

Memory: 4k page, physical 8192560k(454080k free), swap 33358384k(5484k free)

vm_info: OpenJDK 64-Bit Server VM (25.212-b04) for windows-amd64 JRE (1.8.0_212-release-1586-b04), built by "builder" with MS VC++ 10.0 (VS2010)

time: Mon Mar 16 14:34:10 2020
timezone: India Standard Time
elapsed time: 8 seconds (0d 0h 0m 8s)

